<?xml version="1.0" encoding="UTF-8"?>
<!-- Generated by org.testng.reporters.JUnitReportReporter -->
<testsuite hostname="DESKTOP-UMRB9U3" failures="0" tests="3" name="Test.LoginPageTest" time="2.914" errors="0" timestamp="2025-06-07T11:18:20 IST" skipped="0">
  <testcase classname="Test.LoginPageTest" name="loginTest" time="1.148"/>
  <testcase classname="Test.LoginPageTest" name="loginTest" time="0.767"/>
  <testcase classname="Test.LoginPageTest" name="loginTest" time="0.999"/>
</testsuite> <!-- Test.LoginPageTest -->
