<?xml version="1.0" encoding="UTF-8"?>
<!-- Generated by org.testng.reporters.JUnitReportReporter -->
<testsuite hostname="DESKTOP-UMRB9U3" failures="0" tests="9" name="Test.ProductDetailsTest" time="14.554" errors="0" timestamp="2025-06-17T16:14:59 IST" skipped="0">
  <testcase classname="Test.ProductDetailsTest" name="productImageLinksStatusCodeTest" time="2.567"/>
  <testcase classname="Test.ProductDetailsTest" name="productImageLinksStatusCodeTest" time="3.961"/>
  <testcase classname="Test.ProductDetailsTest" name="productImageLinksStatusCodeTest" time="3.249"/>
  <testcase classname="Test.ProductDetailsTest" name="checkProductIsAddedToWishList" time="1.134"/>
  <testcase classname="Test.ProductDetailsTest" name="checkProductIsAddedToWishList" time="0.796"/>
  <testcase classname="Test.ProductDetailsTest" name="checkProductIsAddedToWishList" time="0.432"/>
  <testcase classname="Test.ProductDetailsTest" name="navigationTestToWishList" time="1.205"/>
  <testcase classname="Test.ProductDetailsTest" name="navigationTestToWishList" time="0.449"/>
  <testcase classname="Test.ProductDetailsTest" name="navigationTestToWishList" time="0.761"/>
</testsuite> <!-- Test.ProductDetailsTest -->
