<?xml version="1.0" encoding="UTF-8"?>
<!-- Generated by org.testng.reporters.JUnitReportReporter -->
<testsuite hostname="DESKTOP-UMRB9U3" failures="0" tests="21" name="Test.LunchPageTest" time="9.363" errors="0" timestamp="2025-06-17T12:21:01 IST" skipped="0">
  <testcase classname="Test.LunchPageTest" name="launchScreenTitleTest" time="0.509"/>
  <testcase classname="Test.LunchPageTest" name="launchScreenTitleTest" time="0.084"/>
  <testcase classname="Test.LunchPageTest" name="launchScreenTitleTest" time="0.991"/>
  <testcase classname="Test.LunchPageTest" name="isCurrencyDropdownShown" time="0.167"/>
  <testcase classname="Test.LunchPageTest" name="isCurrencyDropdownShown" time="0.220"/>
  <testcase classname="Test.LunchPageTest" name="isCurrencyDropdownShown" time="0.282"/>
  <testcase classname="Test.LunchPageTest" name="isCurrenciesAreShown" time="0.573"/>
  <testcase classname="Test.LunchPageTest" name="isCurrenciesAreShown" time="0.743"/>
  <testcase classname="Test.LunchPageTest" name="isCurrenciesAreShown" time="1.554"/>
  <testcase classname="Test.LunchPageTest" name="isTopItemsAreShown" time="0.051"/>
  <testcase classname="Test.LunchPageTest" name="isTopItemsAreShown" time="0.216"/>
  <testcase classname="Test.LunchPageTest" name="isTopItemsAreShown" time="0.226"/>
  <testcase classname="Test.LunchPageTest" name="gadgetsAreShown" time="0.283"/>
  <testcase classname="Test.LunchPageTest" name="gadgetsAreShown" time="0.459"/>
  <testcase classname="Test.LunchPageTest" name="gadgetsAreShown" time="0.088"/>
  <testcase classname="Test.LunchPageTest" name="launchScreenMyAccountDropdownOptionsTitleTest" time="0.510"/>
  <testcase classname="Test.LunchPageTest" name="launchScreenMyAccountDropdownOptionsTitleTest" time="0.410"/>
  <testcase classname="Test.LunchPageTest" name="launchScreenMyAccountDropdownOptionsTitleTest" time="0.287"/>
  <testcase classname="Test.LunchPageTest" name="loginScreenNavigationTest" time="0.792"/>
  <testcase classname="Test.LunchPageTest" name="loginScreenNavigationTest" time="0.588"/>
  <testcase classname="Test.LunchPageTest" name="loginScreenNavigationTest" time="0.330"/>
</testsuite> <!-- Test.LunchPageTest -->
