<?xml version="1.0" encoding="UTF-8"?>
<!-- Generated by org.testng.reporters.JUnitReportReporter -->
<testsuite hostname="DESKTOP-UMRB9U3" failures="0" tests="21" name="Test.LunchPageTest" time="5.538" errors="0" timestamp="2025-06-07T11:18:20 IST" skipped="0">
  <testcase classname="Test.LunchPageTest" name="launchScreenTitleTest" time="0.077"/>
  <testcase classname="Test.LunchPageTest" name="launchScreenTitleTest" time="0.000"/>
  <testcase classname="Test.LunchPageTest" name="launchScreenTitleTest" time="0.000"/>
  <testcase classname="Test.LunchPageTest" name="isCurrencyDropdownShown" time="0.078"/>
  <testcase classname="Test.LunchPageTest" name="isCurrencyDropdownShown" time="0.126"/>
  <testcase classname="Test.LunchPageTest" name="isCurrencyDropdownShown" time="0.031"/>
  <testcase classname="Test.LunchPageTest" name="isCurrenciesAreShown" time="0.644"/>
  <testcase classname="Test.LunchPageTest" name="isCurrenciesAreShown" time="0.487"/>
  <testcase classname="Test.LunchPageTest" name="isCurrenciesAreShown" time="0.786"/>
  <testcase classname="Test.LunchPageTest" name="isTopItemsAreShown" time="0.156"/>
  <testcase classname="Test.LunchPageTest" name="isTopItemsAreShown" time="0.089"/>
  <testcase classname="Test.LunchPageTest" name="isTopItemsAreShown" time="0.126"/>
  <testcase classname="Test.LunchPageTest" name="gadgetsAreShown" time="0.189"/>
  <testcase classname="Test.LunchPageTest" name="gadgetsAreShown" time="0.196"/>
  <testcase classname="Test.LunchPageTest" name="gadgetsAreShown" time="0.088"/>
  <testcase classname="Test.LunchPageTest" name="launchScreenMyAccountDropdownOptionsTitleTest" time="0.286"/>
  <testcase classname="Test.LunchPageTest" name="launchScreenMyAccountDropdownOptionsTitleTest" time="0.283"/>
  <testcase classname="Test.LunchPageTest" name="launchScreenMyAccountDropdownOptionsTitleTest" time="0.289"/>
  <testcase classname="Test.LunchPageTest" name="loginScreenNavigationTest" time="0.542"/>
  <testcase classname="Test.LunchPageTest" name="loginScreenNavigationTest" time="0.485"/>
  <testcase classname="Test.LunchPageTest" name="loginScreenNavigationTest" time="0.580"/>
</testsuite> <!-- Test.LunchPageTest -->
