<?xml version="1.0" encoding="UTF-8"?>
<!-- Generated by org.testng.reporters.JUnitReportReporter -->
<testsuite hostname="DESKTOP-UMRB9U3" failures="0" tests="3" name="Test.HomeScreenTest" time="4.940" errors="0" timestamp="2025-06-17T16:14:59 IST" skipped="0">
  <testcase classname="Test.HomeScreenTest" name="navigationTestToProductDetailsPage" time="0.636"/>
  <testcase classname="Test.HomeScreenTest" name="navigationTestToProductDetailsPage" time="2.506"/>
  <testcase classname="Test.HomeScreenTest" name="navigationTestToProductDetailsPage" time="1.798"/>
</testsuite> <!-- Test.HomeScreenTest -->
