<?xml version="1.0" encoding="UTF-8"?>
<!-- Generated by org.testng.reporters.JUnitReportReporter -->
<testsuite hostname="DESKTOP-UMRB9U3" failures="0" tests="1" name="Test.ProductDetailsTest" time="2.983" errors="0" timestamp="2025-05-31T19:21:15 IST" skipped="0">
  <testcase classname="Test.ProductDetailsTest" name="productImageLinksStatusCodeTest" time="2.983"/>
</testsuite> <!-- Test.ProductDetailsTest -->
