<?xml version="1.0" encoding="UTF-8"?>
<!-- Generated by org.testng.reporters.JUnitReportReporter -->
<testsuite hostname="DESKTOP-UMRB9U3" failures="0" tests="1" name="Test.LoginPageTest" time="0.761" errors="0" timestamp="2025-05-31T21:19:50 IST" skipped="0">
  <testcase classname="Test.LoginPageTest" name="loginTest" time="0.761"/>
</testsuite> <!-- Test.LoginPageTest -->
