<?xml version="1.0" encoding="UTF-8"?>
<!-- Generated by org.testng.reporters.JUnitReportReporter -->
<testsuite hostname="DESKTOP-UMRB9U3" failures="0" tests="3" name="Test.LoginPageTest" time="2.478" errors="0" timestamp="2025-06-17T12:21:01 IST" skipped="0">
  <testcase classname="Test.LoginPageTest" name="loginTest" time="0.775"/>
  <testcase classname="Test.LoginPageTest" name="loginTest" time="0.955"/>
  <testcase classname="Test.LoginPageTest" name="loginTest" time="0.748"/>
</testsuite> <!-- Test.LoginPageTest -->
