<?xml version="1.0" encoding="UTF-8"?>
<!-- Generated by org.testng.reporters.JUnitReportReporter -->
<testsuite hostname="DESKTOP-UMRB9U3" failures="0" tests="6" name="Test.WishListPageTest" time="2.828" errors="0" timestamp="2025-06-17T12:21:01 IST" skipped="0">
  <testcase classname="Test.WishListPageTest" name="verifySelectedProductIsAddedIntoTheWishlist" time="0.092"/>
  <testcase classname="Test.WishListPageTest" name="verifySelectedProductIsAddedIntoTheWishlist" time="0.077"/>
  <testcase classname="Test.WishListPageTest" name="verifySelectedProductIsAddedIntoTheWishlist" time="0.059"/>
  <testcase classname="Test.WishListPageTest" name="verifySelectedProductIsRemovedFromTheWishlist" time="0.860"/>
  <testcase classname="Test.WishListPageTest" name="verifySelectedProductIsRemovedFromTheWishlist" time="1.086"/>
  <testcase classname="Test.WishListPageTest" name="verifySelectedProductIsRemovedFromTheWishlist" time="0.654"/>
</testsuite> <!-- Test.WishListPageTest -->
