<?xml version="1.0" encoding="UTF-8"?>
<!-- Generated by org.testng.reporters.JUnitReportReporter -->
<testsuite hostname="DESKTOP-UMRB9U3" failures="0" tests="3" name="Test.HomeScreenTest" time="2.872" errors="0" timestamp="2025-06-17T12:21:01 IST" skipped="0">
  <testcase classname="Test.HomeScreenTest" name="navigationTestToProductDetailsPage" time="1.025"/>
  <testcase classname="Test.HomeScreenTest" name="navigationTestToProductDetailsPage" time="1.149"/>
  <testcase classname="Test.HomeScreenTest" name="navigationTestToProductDetailsPage" time="0.698"/>
</testsuite> <!-- Test.HomeScreenTest -->
