<?xml version="1.0" encoding="UTF-8"?>
<!-- Generated by org.testng.reporters.JUnitReportReporter -->
<testsuite hostname="DESKTOP-UMRB9U3" failures="0" tests="3" name="Test.LunchPageTest" time="0.831" errors="0" timestamp="2024-12-09T10:25:32 IST" skipped="0">
  <testcase classname="Test.LunchPageTest" name="launchScreenTitleTest" time="0.047"/>
  <testcase classname="Test.LunchPageTest" name="launchScreenMyAccountDropdownOptionsTitleTest" time="0.202"/>
  <testcase classname="Test.LunchPageTest" name="loginScreenNavigationTest" time="0.582"/>
</testsuite> <!-- Test.LunchPageTest -->
