<?xml version="1.0" encoding="UTF-8"?>
<!-- Generated by org.testng.reporters.JUnitReportReporter -->
<testsuite hostname="DESKTOP-UMRB9U3" failures="0" tests="3" name="Test.ProductDetailsTest" time="8.349" errors="0" timestamp="2025-06-07T16:21:23 IST" skipped="0">
  <testcase classname="Test.ProductDetailsTest" name="productImageLinksStatusCodeTest" time="3.557"/>
  <testcase classname="Test.ProductDetailsTest" name="productImageLinksStatusCodeTest" time="2.420"/>
  <testcase classname="Test.ProductDetailsTest" name="productImageLinksStatusCodeTest" time="2.372"/>
</testsuite> <!-- Test.ProductDetailsTest -->
