<?xml version="1.0" encoding="UTF-8"?>
<!-- Generated by org.testng.reporters.JUnitReportReporter -->
<testsuite hostname="DESKTOP-UMRB9U3" failures="0" tests="21" name="Test.LunchPageTest" time="5.172" errors="0" timestamp="2025-06-07T16:21:23 IST" skipped="0">
  <testcase classname="Test.LunchPageTest" name="launchScreenTitleTest" time="0.010"/>
  <testcase classname="Test.LunchPageTest" name="launchScreenTitleTest" time="0.015"/>
  <testcase classname="Test.LunchPageTest" name="launchScreenTitleTest" time="0.052"/>
  <testcase classname="Test.LunchPageTest" name="isCurrencyDropdownShown" time="0.082"/>
  <testcase classname="Test.LunchPageTest" name="isCurrencyDropdownShown" time="0.050"/>
  <testcase classname="Test.LunchPageTest" name="isCurrencyDropdownShown" time="0.079"/>
  <testcase classname="Test.LunchPageTest" name="isCurrenciesAreShown" time="0.309"/>
  <testcase classname="Test.LunchPageTest" name="isCurrenciesAreShown" time="0.480"/>
  <testcase classname="Test.LunchPageTest" name="isCurrenciesAreShown" time="0.717"/>
  <testcase classname="Test.LunchPageTest" name="isTopItemsAreShown" time="0.110"/>
  <testcase classname="Test.LunchPageTest" name="isTopItemsAreShown" time="0.125"/>
  <testcase classname="Test.LunchPageTest" name="isTopItemsAreShown" time="0.138"/>
  <testcase classname="Test.LunchPageTest" name="gadgetsAreShown" time="0.164"/>
  <testcase classname="Test.LunchPageTest" name="gadgetsAreShown" time="0.188"/>
  <testcase classname="Test.LunchPageTest" name="gadgetsAreShown" time="0.202"/>
  <testcase classname="Test.LunchPageTest" name="launchScreenMyAccountDropdownOptionsTitleTest" time="0.388"/>
  <testcase classname="Test.LunchPageTest" name="launchScreenMyAccountDropdownOptionsTitleTest" time="0.173"/>
  <testcase classname="Test.LunchPageTest" name="launchScreenMyAccountDropdownOptionsTitleTest" time="0.293"/>
  <testcase classname="Test.LunchPageTest" name="loginScreenNavigationTest" time="0.516"/>
  <testcase classname="Test.LunchPageTest" name="loginScreenNavigationTest" time="0.454"/>
  <testcase classname="Test.LunchPageTest" name="loginScreenNavigationTest" time="0.627"/>
</testsuite> <!-- Test.LunchPageTest -->
