<?xml version="1.0" encoding="UTF-8"?>
<!-- Generated by org.testng.reporters.JUnitReportReporter -->
<testsuite hostname="DESKTOP-UMRB9U3" failures="0" tests="6" name="Test.LunchPageTest" time="1.034" errors="0" timestamp="2025-05-31T19:21:15 IST" skipped="0">
  <testcase classname="Test.LunchPageTest" name="launchScreenTitleTest" time="0.044"/>
  <testcase classname="Test.LunchPageTest" name="isCurrencyDropdownShown" time="0.036"/>
  <testcase classname="Test.LunchPageTest" name="isCurrenciesAreShown" time="0.297"/>
  <testcase classname="Test.LunchPageTest" name="gadgetsAreShown" time="0.117"/>
  <testcase classname="Test.LunchPageTest" name="launchScreenMyAccountDropdownOptionsTitleTest" time="0.165"/>
  <testcase classname="Test.LunchPageTest" name="loginScreenNavigationTest" time="0.375"/>
</testsuite> <!-- Test.LunchPageTest -->
