<?xml version="1.0" encoding="UTF-8"?>
<!-- Generated by org.testng.reporters.JUnitReportReporter -->
<testsuite hostname="DESKTOP-UMRB9U3" failures="0" tests="9" name="Test.ProductDetailsTest" time="9.916" errors="0" timestamp="2025-06-22T18:31:36 IST" skipped="0">
  <testcase classname="Test.ProductDetailsTest" name="productImageLinksStatusCodeTest" time="4.070"/>
  <testcase classname="Test.ProductDetailsTest" name="productImageLinksStatusCodeTest" time="1.010"/>
  <testcase classname="Test.ProductDetailsTest" name="productImageLinksStatusCodeTest" time="1.164"/>
  <testcase classname="Test.ProductDetailsTest" name="checkProductIsAddedToWishList" time="0.620"/>
  <testcase classname="Test.ProductDetailsTest" name="checkProductIsAddedToWishList" time="0.446"/>
  <testcase classname="Test.ProductDetailsTest" name="checkProductIsAddedToWishList" time="0.667"/>
  <testcase classname="Test.ProductDetailsTest" name="navigationTestToWishList" time="0.626"/>
  <testcase classname="Test.ProductDetailsTest" name="navigationTestToWishList" time="0.573"/>
  <testcase classname="Test.ProductDetailsTest" name="navigationTestToWishList" time="0.740"/>
</testsuite> <!-- Test.ProductDetailsTest -->
