<?xml version="1.0" encoding="UTF-8"?>
<!-- Generated by org.testng.reporters.JUnitReportReporter -->
<testsuite hostname="DESKTOP-UMRB9U3" failures="0" tests="3" name="Test.HomeScreenTest" time="2.789" errors="0" timestamp="2025-06-07T11:18:20 IST" skipped="0">
  <testcase classname="Test.HomeScreenTest" name="navigationTestToProductDetailsPage" time="1.232"/>
  <testcase classname="Test.HomeScreenTest" name="navigationTestToProductDetailsPage" time="1.016"/>
  <testcase classname="Test.HomeScreenTest" name="navigationTestToProductDetailsPage" time="0.541"/>
</testsuite> <!-- Test.HomeScreenTest -->
