<?xml version="1.0" encoding="UTF-8"?>
<!-- Generated by org.testng.reporters.JUnitReportReporter -->
<testsuite hostname="DESKTOP-UMRB9U3" failures="0" tests="1" name="Test.HomeScreenTest" time="0.572" errors="0" timestamp="2025-05-31T21:19:50 IST" skipped="0">
  <testcase classname="Test.HomeScreenTest" name="navigationTestToProductDetailsPage" time="0.572"/>
</testsuite> <!-- Test.HomeScreenTest -->
