<?xml version="1.0" encoding="UTF-8"?>
<!-- Generated by org.testng.reporters.JUnitReportReporter -->
<testsuite hostname="DESKTOP-UMRB9U3" failures="0" tests="3" name="Test.HomeScreenTest" time="5.629" errors="0" timestamp="2025-06-22T18:31:36 IST" skipped="0">
  <testcase classname="Test.HomeScreenTest" name="navigationTestToProductDetailsPage" time="1.857"/>
  <testcase classname="Test.HomeScreenTest" name="navigationTestToProductDetailsPage" time="1.261"/>
  <testcase classname="Test.HomeScreenTest" name="navigationTestToProductDetailsPage" time="2.511"/>
</testsuite> <!-- Test.HomeScreenTest -->
