<?xml version="1.0" encoding="UTF-8"?>
<!-- Generated by org.testng.reporters.JUnitReportReporter -->
<testsuite hostname="DESKTOP-UMRB9U3" failures="0" tests="9" name="Test.ProductDetailsTest" time="13.290" errors="0" timestamp="2025-06-16T11:56:12 IST" skipped="0">
  <testcase classname="Test.ProductDetailsTest" name="productImageLinksStatusCodeTest" time="1.906"/>
  <testcase classname="Test.ProductDetailsTest" name="productImageLinksStatusCodeTest" time="3.298"/>
  <testcase classname="Test.ProductDetailsTest" name="productImageLinksStatusCodeTest" time="3.331"/>
  <testcase classname="Test.ProductDetailsTest" name="checkProductIsAddedToWishList" time="0.650"/>
  <testcase classname="Test.ProductDetailsTest" name="checkProductIsAddedToWishList" time="0.447"/>
  <testcase classname="Test.ProductDetailsTest" name="checkProductIsAddedToWishList" time="0.648"/>
  <testcase classname="Test.ProductDetailsTest" name="navigationTestToWishList" time="0.999"/>
  <testcase classname="Test.ProductDetailsTest" name="navigationTestToWishList" time="1.011"/>
  <testcase classname="Test.ProductDetailsTest" name="navigationTestToWishList" time="1.000"/>
</testsuite> <!-- Test.ProductDetailsTest -->
