<?xml version="1.0" encoding="UTF-8"?>
<!-- Generated by org.testng.reporters.JUnitReportReporter -->
<testsuite hostname="DESKTOP-UMRB9U3" failures="0" tests="3" name="Test.ProductDetailsTest" time="8.064" errors="0" timestamp="2025-06-07T11:18:20 IST" skipped="0">
  <testcase classname="Test.ProductDetailsTest" name="productImageLinksStatusCodeTest" time="1.874"/>
  <testcase classname="Test.ProductDetailsTest" name="productImageLinksStatusCodeTest" time="2.925"/>
  <testcase classname="Test.ProductDetailsTest" name="productImageLinksStatusCodeTest" time="3.265"/>
</testsuite> <!-- Test.ProductDetailsTest -->
