<?xml version="1.0" encoding="UTF-8"?>
<!-- Generated by org.testng.reporters.JUnitReportReporter -->
<testsuite hostname="DESKTOP-UMRB9U3" failures="0" tests="1" name="Test.HomeScreenTest" time="1.012" errors="0" timestamp="2024-12-08T17:11:39 IST" skipped="0">
  <testcase classname="Test.HomeScreenTest" name="productDetailNavigationTest" time="1.012"/>
</testsuite> <!-- Test.HomeScreenTest -->
