<?xml version="1.0" encoding="UTF-8"?>
<!-- Generated by org.testng.reporters.JUnitReportReporter -->
<testsuite hostname="DESKTOP-UMRB9U3" failures="0" tests="3" name="Test.LunchPageTest" time="0.830" errors="0" timestamp="2025-05-31T12:19:34 IST" skipped="0">
  <testcase classname="Test.LunchPageTest" name="launchScreenTitleTest" time="0.060"/>
  <testcase classname="Test.LunchPageTest" name="launchScreenMyAccountDropdownOptionsTitleTest" time="0.295"/>
  <testcase classname="Test.LunchPageTest" name="loginScreenNavigationTest" time="0.475"/>
</testsuite> <!-- Test.LunchPageTest -->
