<?xml version="1.0" encoding="UTF-8"?>
<!-- Generated by org.testng.reporters.JUnitReportReporter -->
<testsuite hostname="DESKTOP-UMRB9U3" failures="0" tests="24" name="Test.LunchPageTest" time="28.943" errors="0" timestamp="2025-06-17T16:14:59 IST" skipped="0">
  <testcase classname="Test.LunchPageTest" name="launchScreenTitleTest" time="0.017"/>
  <testcase classname="Test.LunchPageTest" name="launchScreenTitleTest" time="0.200"/>
  <testcase classname="Test.LunchPageTest" name="launchScreenTitleTest" time="0.056"/>
  <testcase classname="Test.LunchPageTest" name="verifySliderActiveImageIsDisplaying" time="16.979"/>
  <testcase classname="Test.LunchPageTest" name="verifySliderActiveImageIsDisplaying" time="1.642"/>
  <testcase classname="Test.LunchPageTest" name="verifySliderActiveImageIsDisplaying" time="2.601"/>
  <testcase classname="Test.LunchPageTest" name="isCurrencyDropdownShown" time="0.104"/>
  <testcase classname="Test.LunchPageTest" name="isCurrencyDropdownShown" time="0.036"/>
  <testcase classname="Test.LunchPageTest" name="isCurrencyDropdownShown" time="0.062"/>
  <testcase classname="Test.LunchPageTest" name="isCurrenciesAreShown" time="0.972"/>
  <testcase classname="Test.LunchPageTest" name="isCurrenciesAreShown" time="0.689"/>
  <testcase classname="Test.LunchPageTest" name="isCurrenciesAreShown" time="0.726"/>
  <testcase classname="Test.LunchPageTest" name="isTopItemsAreShown" time="0.145"/>
  <testcase classname="Test.LunchPageTest" name="isTopItemsAreShown" time="0.195"/>
  <testcase classname="Test.LunchPageTest" name="isTopItemsAreShown" time="0.224"/>
  <testcase classname="Test.LunchPageTest" name="gadgetsAreShown" time="0.298"/>
  <testcase classname="Test.LunchPageTest" name="gadgetsAreShown" time="0.278"/>
  <testcase classname="Test.LunchPageTest" name="gadgetsAreShown" time="0.251"/>
  <testcase classname="Test.LunchPageTest" name="launchScreenMyAccountDropdownOptionsTitleTest" time="0.415"/>
  <testcase classname="Test.LunchPageTest" name="launchScreenMyAccountDropdownOptionsTitleTest" time="0.368"/>
  <testcase classname="Test.LunchPageTest" name="launchScreenMyAccountDropdownOptionsTitleTest" time="0.502"/>
  <testcase classname="Test.LunchPageTest" name="loginScreenNavigationTest" time="0.434"/>
  <testcase classname="Test.LunchPageTest" name="loginScreenNavigationTest" time="0.834"/>
  <testcase classname="Test.LunchPageTest" name="loginScreenNavigationTest" time="0.915"/>
</testsuite> <!-- Test.LunchPageTest -->
