<?xml version="1.0" encoding="UTF-8"?>
<!-- Generated by org.testng.reporters.JUnitReportReporter -->
<testsuite hostname="DESKTOP-UMRB9U3" failures="0" tests="6" name="Test.WishListPageTest" time="3.384" errors="0" timestamp="2025-06-22T18:31:36 IST" skipped="0">
  <testcase classname="Test.WishListPageTest" name="verifySelectedProductIsAddedIntoTheWishlist" time="0.064"/>
  <testcase classname="Test.WishListPageTest" name="verifySelectedProductIsAddedIntoTheWishlist" time="0.101"/>
  <testcase classname="Test.WishListPageTest" name="verifySelectedProductIsAddedIntoTheWishlist" time="0.165"/>
  <testcase classname="Test.WishListPageTest" name="verifySelectedProductIsRemovedFromTheWishlist" time="1.118"/>
  <testcase classname="Test.WishListPageTest" name="verifySelectedProductIsRemovedFromTheWishlist" time="0.868"/>
  <testcase classname="Test.WishListPageTest" name="verifySelectedProductIsRemovedFromTheWishlist" time="1.068"/>
</testsuite> <!-- Test.WishListPageTest -->
