<?xml version="1.0" encoding="UTF-8"?>
<!-- Generated by org.testng.reporters.JUnitReportReporter -->
<testsuite hostname="DESKTOP-UMRB9U3" failures="0" tests="24" name="Test.LunchPageTest" time="15.751" errors="0" timestamp="2025-06-22T18:31:36 IST" skipped="0">
  <testcase classname="Test.LunchPageTest" name="launchScreenTitleTest" time="0.168"/>
  <testcase classname="Test.LunchPageTest" name="launchScreenTitleTest" time="0.014"/>
  <testcase classname="Test.LunchPageTest" name="launchScreenTitleTest" time="0.147"/>
  <testcase classname="Test.LunchPageTest" name="verifySliderActiveImageIsDisplaying" time="2.980"/>
  <testcase classname="Test.LunchPageTest" name="verifySliderActiveImageIsDisplaying" time="1.898"/>
  <testcase classname="Test.LunchPageTest" name="verifySliderActiveImageIsDisplaying" time="2.852"/>
  <testcase classname="Test.LunchPageTest" name="isCurrencyDropdownShown" time="0.085"/>
  <testcase classname="Test.LunchPageTest" name="isCurrencyDropdownShown" time="0.055"/>
  <testcase classname="Test.LunchPageTest" name="isCurrencyDropdownShown" time="0.098"/>
  <testcase classname="Test.LunchPageTest" name="isCurrenciesAreShown" time="0.908"/>
  <testcase classname="Test.LunchPageTest" name="isCurrenciesAreShown" time="1.022"/>
  <testcase classname="Test.LunchPageTest" name="isCurrenciesAreShown" time="0.724"/>
  <testcase classname="Test.LunchPageTest" name="isTopItemsAreShown" time="0.107"/>
  <testcase classname="Test.LunchPageTest" name="isTopItemsAreShown" time="0.563"/>
  <testcase classname="Test.LunchPageTest" name="isTopItemsAreShown" time="0.185"/>
  <testcase classname="Test.LunchPageTest" name="gadgetsAreShown" time="0.267"/>
  <testcase classname="Test.LunchPageTest" name="gadgetsAreShown" time="0.181"/>
  <testcase classname="Test.LunchPageTest" name="gadgetsAreShown" time="0.235"/>
  <testcase classname="Test.LunchPageTest" name="launchScreenMyAccountDropdownOptionsTitleTest" time="0.356"/>
  <testcase classname="Test.LunchPageTest" name="launchScreenMyAccountDropdownOptionsTitleTest" time="0.413"/>
  <testcase classname="Test.LunchPageTest" name="launchScreenMyAccountDropdownOptionsTitleTest" time="0.373"/>
  <testcase classname="Test.LunchPageTest" name="loginScreenNavigationTest" time="0.569"/>
  <testcase classname="Test.LunchPageTest" name="loginScreenNavigationTest" time="0.789"/>
  <testcase classname="Test.LunchPageTest" name="loginScreenNavigationTest" time="0.762"/>
</testsuite> <!-- Test.LunchPageTest -->
