<?xml version="1.0" encoding="UTF-8"?>
<!-- Generated by org.testng.reporters.JUnitReportReporter -->
<testsuite hostname="DESKTOP-UMRB9U3" failures="0" tests="3" name="Test.LoginPageTest" time="5.279" errors="0" timestamp="2025-06-22T18:31:36 IST" skipped="0">
  <testcase classname="Test.LoginPageTest" name="loginTest" time="1.897"/>
  <testcase classname="Test.LoginPageTest" name="loginTest" time="1.298"/>
  <testcase classname="Test.LoginPageTest" name="loginTest" time="2.084"/>
</testsuite> <!-- Test.LoginPageTest -->
