<?xml version="1.0" encoding="UTF-8"?>
<!-- Generated by org.testng.reporters.JUnitReportReporter -->
<testsuite hostname="DESKTOP-UMRB9U3" failures="0" tests="21" name="Test.LunchPageTest" time="8.988" errors="0" timestamp="2025-06-16T11:56:12 IST" skipped="0">
  <testcase classname="Test.LunchPageTest" name="launchScreenTitleTest" time="0.016"/>
  <testcase classname="Test.LunchPageTest" name="launchScreenTitleTest" time="0.449"/>
  <testcase classname="Test.LunchPageTest" name="launchScreenTitleTest" time="0.015"/>
  <testcase classname="Test.LunchPageTest" name="isCurrencyDropdownShown" time="0.063"/>
  <testcase classname="Test.LunchPageTest" name="isCurrencyDropdownShown" time="0.542"/>
  <testcase classname="Test.LunchPageTest" name="isCurrencyDropdownShown" time="0.113"/>
  <testcase classname="Test.LunchPageTest" name="isCurrenciesAreShown" time="0.606"/>
  <testcase classname="Test.LunchPageTest" name="isCurrenciesAreShown" time="1.072"/>
  <testcase classname="Test.LunchPageTest" name="isCurrenciesAreShown" time="1.221"/>
  <testcase classname="Test.LunchPageTest" name="isTopItemsAreShown" time="0.140"/>
  <testcase classname="Test.LunchPageTest" name="isTopItemsAreShown" time="0.124"/>
  <testcase classname="Test.LunchPageTest" name="isTopItemsAreShown" time="0.194"/>
  <testcase classname="Test.LunchPageTest" name="gadgetsAreShown" time="0.243"/>
  <testcase classname="Test.LunchPageTest" name="gadgetsAreShown" time="0.545"/>
  <testcase classname="Test.LunchPageTest" name="gadgetsAreShown" time="0.195"/>
  <testcase classname="Test.LunchPageTest" name="launchScreenMyAccountDropdownOptionsTitleTest" time="0.370"/>
  <testcase classname="Test.LunchPageTest" name="launchScreenMyAccountDropdownOptionsTitleTest" time="0.300"/>
  <testcase classname="Test.LunchPageTest" name="launchScreenMyAccountDropdownOptionsTitleTest" time="0.404"/>
  <testcase classname="Test.LunchPageTest" name="loginScreenNavigationTest" time="0.736"/>
  <testcase classname="Test.LunchPageTest" name="loginScreenNavigationTest" time="0.787"/>
  <testcase classname="Test.LunchPageTest" name="loginScreenNavigationTest" time="0.853"/>
</testsuite> <!-- Test.LunchPageTest -->
