<?xml version="1.0" encoding="UTF-8"?>
<!-- Generated by org.testng.reporters.JUnitReportReporter -->
<testsuite hostname="DESKTOP-UMRB9U3" failures="0" tests="1" name="Test.HomeScreenTest" time="1.273" errors="0" timestamp="2024-12-09T10:25:32 IST" skipped="0">
  <testcase classname="Test.HomeScreenTest" name="navigationTestToProductDetailsPage" time="1.273"/>
</testsuite> <!-- Test.HomeScreenTest -->
