<?xml version="1.0" encoding="UTF-8"?>
<!-- Generated by org.testng.reporters.JUnitReportReporter -->
<testsuite hostname="DESKTOP-UMRB9U3" failures="0" tests="6" name="Test.MyAccountScreenTest" time="6.824" errors="0" timestamp="2025-06-16T11:56:12 IST" skipped="0">
  <testcase classname="Test.MyAccountScreenTest" name="myAccountSectionLinksTitleTest" time="0.488"/>
  <testcase classname="Test.MyAccountScreenTest" name="myAccountSectionLinksTitleTest" time="0.538"/>
  <testcase classname="Test.MyAccountScreenTest" name="myAccountSectionLinksTitleTest" time="2.004"/>
  <testcase classname="Test.MyAccountScreenTest" name="profileScreenToHomeScreenNavigationTest" time="0.826"/>
  <testcase classname="Test.MyAccountScreenTest" name="profileScreenToHomeScreenNavigationTest" time="0.876"/>
  <testcase classname="Test.MyAccountScreenTest" name="profileScreenToHomeScreenNavigationTest" time="2.092"/>
</testsuite> <!-- Test.MyAccountScreenTest -->
