<?xml version="1.0" encoding="UTF-8"?>
<!-- Generated by org.testng.reporters.JUnitReportReporter -->
<testsuite hostname="DESKTOP-UMRB9U3" failures="0" tests="9" name="Test.ProductDetailsTest" time="12.282" errors="0" timestamp="2025-06-17T12:21:01 IST" skipped="0">
  <testcase classname="Test.ProductDetailsTest" name="productImageLinksStatusCodeTest" time="2.630"/>
  <testcase classname="Test.ProductDetailsTest" name="productImageLinksStatusCodeTest" time="1.986"/>
  <testcase classname="Test.ProductDetailsTest" name="productImageLinksStatusCodeTest" time="4.429"/>
  <testcase classname="Test.ProductDetailsTest" name="checkProductIsAddedToWishList" time="0.320"/>
  <testcase classname="Test.ProductDetailsTest" name="checkProductIsAddedToWishList" time="0.290"/>
  <testcase classname="Test.ProductDetailsTest" name="checkProductIsAddedToWishList" time="0.785"/>
  <testcase classname="Test.ProductDetailsTest" name="navigationTestToWishList" time="0.612"/>
  <testcase classname="Test.ProductDetailsTest" name="navigationTestToWishList" time="0.779"/>
  <testcase classname="Test.ProductDetailsTest" name="navigationTestToWishList" time="0.451"/>
</testsuite> <!-- Test.ProductDetailsTest -->
