<?xml version="1.0" encoding="UTF-8"?>
<!-- Generated by org.testng.reporters.JUnitReportReporter -->
<testsuite hostname="DESKTOP-UMRB9U3" failures="0" tests="1" name="Test.dropdown" time="9.456" errors="0" timestamp="2025-04-26T11:48:38 IST" skipped="0">
  <testcase classname="Test.dropdown" name="test" time="9.456"/>
</testsuite> <!-- Test.dropdown -->
