<?xml version="1.0" encoding="UTF-8"?>
<!-- Generated by org.testng.reporters.JUnitReportReporter -->
<testsuite hostname="DESKTOP-UMRB9U3" failures="0" tests="3" name="Test.LoginPageTest" time="4.784" errors="0" timestamp="2025-06-17T16:14:59 IST" skipped="0">
  <testcase classname="Test.LoginPageTest" name="loginTest" time="0.976"/>
  <testcase classname="Test.LoginPageTest" name="loginTest" time="2.075"/>
  <testcase classname="Test.LoginPageTest" name="loginTest" time="1.733"/>
</testsuite> <!-- Test.LoginPageTest -->
