<?xml version="1.0" encoding="UTF-8"?>
<!-- Generated by org.testng.reporters.JUnitReportReporter -->
<testsuite hostname="DESKTOP-UMRB9U3" failures="0" tests="6" name="Test.WishListPageTest" time="4.187" errors="0" timestamp="2025-06-16T11:56:12 IST" skipped="0">
  <testcase classname="Test.WishListPageTest" name="verifySelectedProductIsAddedIntoTheWishlist" time="0.051"/>
  <testcase classname="Test.WishListPageTest" name="verifySelectedProductIsAddedIntoTheWishlist" time="0.261"/>
  <testcase classname="Test.WishListPageTest" name="verifySelectedProductIsAddedIntoTheWishlist" time="0.048"/>
  <testcase classname="Test.WishListPageTest" name="verifySelectedProductIsRemovedFromTheWishlist" time="1.119"/>
  <testcase classname="Test.WishListPageTest" name="verifySelectedProductIsRemovedFromTheWishlist" time="1.096"/>
  <testcase classname="Test.WishListPageTest" name="verifySelectedProductIsRemovedFromTheWishlist" time="1.612"/>
</testsuite> <!-- Test.WishListPageTest -->
