<?xml version="1.0" encoding="UTF-8"?>
<!-- Generated by org.testng.reporters.JUnitReportReporter -->
<testsuite hostname="DESKTOP-UMRB9U3" failures="0" tests="7" name="Test.LunchPageTest" time="1.198" errors="0" timestamp="2025-05-31T21:19:50 IST" skipped="0">
  <testcase classname="Test.LunchPageTest" name="launchScreenTitleTest" time="0.058"/>
  <testcase classname="Test.LunchPageTest" name="isCurrencyDropdownShown" time="0.035"/>
  <testcase classname="Test.LunchPageTest" name="isCurrenciesAreShown" time="0.342"/>
  <testcase classname="Test.LunchPageTest" name="isTopItemsAreShown" time="0.095"/>
  <testcase classname="Test.LunchPageTest" name="gadgetsAreShown" time="0.116"/>
  <testcase classname="Test.LunchPageTest" name="launchScreenMyAccountDropdownOptionsTitleTest" time="0.169"/>
  <testcase classname="Test.LunchPageTest" name="loginScreenNavigationTest" time="0.383"/>
</testsuite> <!-- Test.LunchPageTest -->
