<?xml version="1.0" encoding="UTF-8"?>
<!-- Generated by org.testng.reporters.JUnitReportReporter -->
<testsuite hostname="DESKTOP-UMRB9U3" failures="0" tests="21" name="Test.LunchPageTest" time="8.945" errors="0" timestamp="2025-06-09T13:26:03 IST" skipped="0">
  <testcase classname="Test.LunchPageTest" name="launchScreenTitleTest" time="0.111"/>
  <testcase classname="Test.LunchPageTest" name="launchScreenTitleTest" time="0.683"/>
  <testcase classname="Test.LunchPageTest" name="launchScreenTitleTest" time="0.076"/>
  <testcase classname="Test.LunchPageTest" name="isCurrencyDropdownShown" time="0.778"/>
  <testcase classname="Test.LunchPageTest" name="isCurrencyDropdownShown" time="0.194"/>
  <testcase classname="Test.LunchPageTest" name="isCurrencyDropdownShown" time="0.071"/>
  <testcase classname="Test.LunchPageTest" name="isCurrenciesAreShown" time="1.182"/>
  <testcase classname="Test.LunchPageTest" name="isCurrenciesAreShown" time="0.891"/>
  <testcase classname="Test.LunchPageTest" name="isCurrenciesAreShown" time="0.755"/>
  <testcase classname="Test.LunchPageTest" name="isTopItemsAreShown" time="0.137"/>
  <testcase classname="Test.LunchPageTest" name="isTopItemsAreShown" time="0.105"/>
  <testcase classname="Test.LunchPageTest" name="isTopItemsAreShown" time="0.189"/>
  <testcase classname="Test.LunchPageTest" name="gadgetsAreShown" time="0.214"/>
  <testcase classname="Test.LunchPageTest" name="gadgetsAreShown" time="0.134"/>
  <testcase classname="Test.LunchPageTest" name="gadgetsAreShown" time="0.197"/>
  <testcase classname="Test.LunchPageTest" name="launchScreenMyAccountDropdownOptionsTitleTest" time="0.463"/>
  <testcase classname="Test.LunchPageTest" name="launchScreenMyAccountDropdownOptionsTitleTest" time="0.383"/>
  <testcase classname="Test.LunchPageTest" name="launchScreenMyAccountDropdownOptionsTitleTest" time="0.199"/>
  <testcase classname="Test.LunchPageTest" name="loginScreenNavigationTest" time="0.613"/>
  <testcase classname="Test.LunchPageTest" name="loginScreenNavigationTest" time="0.622"/>
  <testcase classname="Test.LunchPageTest" name="loginScreenNavigationTest" time="0.948"/>
</testsuite> <!-- Test.LunchPageTest -->
