<?xml version="1.0" encoding="UTF-8"?>
<!-- Generated by org.testng.reporters.JUnitReportReporter -->
<testsuite hostname="DESKTOP-UMRB9U3" failures="0" tests="2" name="Test.MyAccountScreenTest" time="0.979" errors="0" timestamp="2024-12-09T10:25:32 IST" skipped="0">
  <testcase classname="Test.MyAccountScreenTest" name="myAccountSectionLinksTitleTest" time="0.348"/>
  <testcase classname="Test.MyAccountScreenTest" name="profileScreenToHomeScreenNavigationTest" time="0.631"/>
</testsuite> <!-- Test.MyAccountScreenTest -->
