<?xml version="1.0" encoding="UTF-8"?>
<!-- Generated by org.testng.reporters.JUnitReportReporter -->
<testsuite hostname="DESKTOP-UMRB9U3" failures="0" tests="3" name="Test.HomeScreenTest" time="4.851" errors="0" timestamp="2025-06-09T13:26:03 IST" skipped="0">
  <testcase classname="Test.HomeScreenTest" name="navigationTestToProductDetailsPage" time="1.273"/>
  <testcase classname="Test.HomeScreenTest" name="navigationTestToProductDetailsPage" time="2.175"/>
  <testcase classname="Test.HomeScreenTest" name="navigationTestToProductDetailsPage" time="1.403"/>
</testsuite> <!-- Test.HomeScreenTest -->
