<?xml version="1.0" encoding="UTF-8"?>
<!-- Generated by org.testng.reporters.JUnitReportReporter -->
<testsuite hostname="DESKTOP-UMRB9U3" failures="0" tests="3" name="Test.HomeScreenTest" time="2.651" errors="0" timestamp="2025-06-07T16:21:23 IST" skipped="0">
  <testcase classname="Test.HomeScreenTest" name="navigationTestToProductDetailsPage" time="1.576"/>
  <testcase classname="Test.HomeScreenTest" name="navigationTestToProductDetailsPage" time="0.516"/>
  <testcase classname="Test.HomeScreenTest" name="navigationTestToProductDetailsPage" time="0.559"/>
</testsuite> <!-- Test.HomeScreenTest -->
