<?xml version="1.0" encoding="UTF-8"?>
<!-- Generated by org.testng.reporters.JUnitReportReporter -->
<testsuite hostname="DESKTOP-UMRB9U3" failures="0" tests="3" name="Test.LoginPageTest" time="4.998" errors="0" timestamp="2025-06-16T11:56:12 IST" skipped="0">
  <testcase classname="Test.LoginPageTest" name="loginTest" time="1.502"/>
  <testcase classname="Test.LoginPageTest" name="loginTest" time="2.025"/>
  <testcase classname="Test.LoginPageTest" name="loginTest" time="1.471"/>
</testsuite> <!-- Test.LoginPageTest -->
