<?xml version="1.0" encoding="UTF-8"?>
<!-- Generated by org.testng.reporters.JUnitReportReporter -->
<testsuite hostname="DESKTOP-UMRB9U3" failures="0" tests="1" name="Test.RegistrationTest" time="0.977" errors="0" timestamp="2024-09-17T11:23:16 IST" skipped="0">
  <testcase classname="Test.RegistrationTest" name="registertionIntoApplication" time="0.977"/>
</testsuite> <!-- Test.RegistrationTest -->
