<?xml version="1.0" encoding="UTF-8"?>
<!-- Generated by org.testng.reporters.JUnitReportReporter -->
<testsuite hostname="DESKTOP-UMRB9U3" failures="0" tests="3" name="Test.ProductDetailsTest" time="8.535" errors="0" timestamp="2025-06-09T13:26:03 IST" skipped="0">
  <testcase classname="Test.ProductDetailsTest" name="productImageLinksStatusCodeTest" time="3.463"/>
  <testcase classname="Test.ProductDetailsTest" name="productImageLinksStatusCodeTest" time="3.170"/>
  <testcase classname="Test.ProductDetailsTest" name="productImageLinksStatusCodeTest" time="1.902"/>
</testsuite> <!-- Test.ProductDetailsTest -->
