<?xml version="1.0" encoding="UTF-8"?>
<!-- Generated by org.testng.reporters.JUnitReportReporter -->
<testsuite hostname="DESKTOP-UMRB9U3" failures="0" tests="1" name="Test.LoginPageTest" time="1.281" errors="0" timestamp="2024-12-09T10:25:32 IST" skipped="0">
  <testcase classname="Test.LoginPageTest" name="loginTest" time="1.281"/>
</testsuite> <!-- Test.LoginPageTest -->
