<?xml version="1.0" encoding="UTF-8"?>
<!-- Generated by org.testng.reporters.JUnitReportReporter -->
<testsuite hostname="DESKTOP-UMRB9U3" failures="0" tests="1" name="test.Selenium.Selenium" time="7.583" errors="0" timestamp="2024-07-14T11:40:30 IST" skipped="0">
  <testcase classname="test.Selenium.Selenium" name="lunch" time="7.583"/>
</testsuite> <!-- test.Selenium.Selenium -->
