<?xml version="1.0" encoding="UTF-8"?>
<!-- Generated by org.testng.reporters.JUnitReportReporter -->
<testsuite hostname="DESKTOP-UMRB9U3" failures="0" tests="6" name="Test.MyAccountScreenTest" time="3.984" errors="0" timestamp="2025-06-22T18:31:36 IST" skipped="0">
  <testcase classname="Test.MyAccountScreenTest" name="myAccountSectionLinksTitleTest" time="0.864"/>
  <testcase classname="Test.MyAccountScreenTest" name="myAccountSectionLinksTitleTest" time="0.332"/>
  <testcase classname="Test.MyAccountScreenTest" name="myAccountSectionLinksTitleTest" time="0.785"/>
  <testcase classname="Test.MyAccountScreenTest" name="profileScreenToHomeScreenNavigationTest" time="0.673"/>
  <testcase classname="Test.MyAccountScreenTest" name="profileScreenToHomeScreenNavigationTest" time="0.578"/>
  <testcase classname="Test.MyAccountScreenTest" name="profileScreenToHomeScreenNavigationTest" time="0.752"/>
</testsuite> <!-- Test.MyAccountScreenTest -->
