<?xml version="1.0" encoding="UTF-8"?>
<!-- Generated by org.testng.reporters.JUnitReportReporter -->
<testsuite hostname="DESKTOP-UMRB9U3" failures="0" tests="1" name="Test.ProductDetailsTest" time="2.589" errors="0" timestamp="2024-12-08T14:52:43 IST" skipped="0">
  <testcase classname="Test.ProductDetailsTest" name="productImageLinksStatusCodeTest" time="2.589"/>
</testsuite> <!-- Test.ProductDetailsTest -->
