<?xml version="1.0" encoding="UTF-8"?>
<!-- Generated by org.testng.reporters.JUnitReportReporter -->
<testsuite hostname="DESKTOP-UMRB9U3" failures="0" tests="1" name="Test.LandingScreenTest" time="0.944" errors="0" timestamp="2024-12-08T14:52:43 IST" skipped="0">
  <testcase classname="Test.LandingScreenTest" name="productDetailNavigationTest" time="0.944"/>
</testsuite> <!-- Test.LandingScreenTest -->
