<?xml version="1.0" encoding="UTF-8"?>
<!-- Generated by org.testng.reporters.JUnitReportReporter -->
<testsuite hostname="DESKTOP-UMRB9U3" failures="0" tests="2" name="Test.MyAccountScreenTest" time="0.838" errors="0" timestamp="2024-12-08T14:52:43 IST" skipped="0">
  <testcase classname="Test.MyAccountScreenTest" name="myAccountSectionLinksTitleTest" time="0.330"/>
  <testcase classname="Test.MyAccountScreenTest" name="profileScreenToHomeScreenNavigationTest" time="0.508"/>
</testsuite> <!-- Test.MyAccountScreenTest -->
