<?xml version="1.0" encoding="UTF-8"?>
<!-- Generated by org.testng.reporters.JUnitReportReporter -->
<testsuite hostname="DESKTOP-UMRB9U3" failures="0" tests="3" name="Test.LunchPageTest" time="0.723" errors="0" timestamp="2024-12-08T14:52:43 IST" skipped="0">
  <testcase classname="Test.LunchPageTest" name="launchScreenTitleTest" time="0.051"/>
  <testcase classname="Test.LunchPageTest" name="launchScreenMyAccountDropdownOptionsTitleTest" time="0.201"/>
  <testcase classname="Test.LunchPageTest" name="loginScreenNavigationTest" time="0.471"/>
</testsuite> <!-- Test.LunchPageTest -->
